2022-04-21 15:13:22 - get_log.py - [line:133] - INFO - [日志信息]: 开始执行用例
2022-04-21 15:13:44 - get_log.py - [line:133] - INFO - [日志信息]: 用户登录
2022-04-21 15:13:51 - get_log.py - [line:133] - INFO - [日志信息]: 设备状态是icon icon--online
2022-04-21 15:13:56 - get_log.py - [line:133] - INFO - [日志信息]: 选择指定设备成功
2022-04-21 15:13:56 - get_log.py - [line:133] - INFO - [日志信息]: 这是第1次进入
2022-04-21 15:13:56 - get_log.py - [line:133] - INFO - [日志信息]: 开始进入到端口转发页面
2022-04-21 15:14:00 - get_log.py - [line:133] - INFO - [日志信息]: 进入端口转发页面成功
2022-04-21 15:14:03 - get_log.py - [line:133] - INFO - [日志信息]: 这是第1次添加端口转发
2022-04-21 15:14:04 - get_log.py - [line:133] - INFO - [日志信息]: 添加端口成功
2022-04-21 15:14:04 - get_log.py - [line:133] - INFO - [日志信息]: 这是进入setting/messages页倒数第3次
2022-04-21 15:14:16 - get_log.py - [line:133] - INFO - [日志信息]: 进入消息中心页面成功
2022-04-21 15:14:37 - get_log.py - [line:133] - INFO - [日志信息]: 公共用例: Add port forwarding Failed
2022-04-21 15:14:37 - get_log.py - [line:140] - ERROR - [日志信息]: 消息中心操作类型或状态错误
2022-04-21 15:14:37 - get_log.py - [line:140] - ERROR - [日志信息]: 添加TCP&UDP协议的端口转发失败
2022-04-21 15:14:37 - get_log.py - [line:133] - INFO - [日志信息]: 这是第1次进入
2022-04-21 15:14:37 - get_log.py - [line:133] - INFO - [日志信息]: 开始进入到端口转发页面
2022-04-21 15:14:42 - get_log.py - [line:133] - INFO - [日志信息]: 进入端口转发页面成功
2022-04-21 15:14:45 - get_log.py - [line:133] - INFO - [日志信息]: 这是第1次添加端口转发
2022-04-21 15:14:46 - get_log.py - [line:133] - INFO - [日志信息]: 添加端口成功
2022-04-21 15:14:46 - get_log.py - [line:133] - INFO - [日志信息]: 这是进入setting/messages页倒数第3次
